<?xml version="1.0" encoding="UTF-8"?>
<testsuite name="EncryptionTest" tests="1" skipped="0" failures="0" errors="0" timestamp="2019-07-22T08:24:13" hostname="moringaschool-Lenovo-V110-15ISK" time="0.002">
  <properties/>
  <testcase name="runCeaserCipher_isEntryString5_String" classname="EncryptionTest" time="0.002"/>
  <system-out><![CDATA[]]></system-out>
  <system-err><![CDATA[]]></system-err>
</testsuite>
